Started GET "/" for ::1 at 2022-10-23 18:01:43 +0900
  [1m[35m (1.0ms)[0m  [1m[34mSELECT sqlite_version(*)[0m
  [1m[35m (0.6ms)[0m  [1m[35mCREATE TABLE "schema_migrations" ("version" varchar NOT NULL PRIMARY KEY)[0m
  [1m[35m (0.3ms)[0m  [1m[35mCREATE TABLE "ar_internal_metadata" ("key" varchar NOT NULL PRIMARY KEY, "value" varchar, "created_at" datetime(6) NOT NULL, "updated_at" datetime(6) NOT NULL)[0m
  [1m[35m (0.1ms)[0m  [1m[34mSELECT "schema_migrations"."version" FROM "schema_migrations" ORDER BY "schema_migrations"."version" ASC[0m
  
ActiveRecord::PendingMigrationError (

Migrations are pending. To resolve this issue, run:

        bin/rails db:migrate RAILS_ENV=development

You have 4 pending migrations:

20211020103118_create_departments.rb
20211020103151_create_offices.rb
20211020103241_create_employees.rb
20211020112406_create_profiles.rb


):
  
activerecord (6.1.4.1) lib/active_record/migration.rb:625:in `check_pending!'
activerecord (6.1.4.1) lib/active_record/migration.rb:590:in `block (2 levels) in call'
activesupport (6.1.4.1) lib/active_support/evented_file_update_checker.rb:59:in `execute'
activerecord (6.1.4.1) lib/active_record/migration.rb:595:in `block in call'
activerecord (6.1.4.1) lib/active_record/migration.rb:587:in `synchronize'
activerecord (6.1.4.1) lib/active_record/migration.rb:587:in `call'
actionpack (6.1.4.1) lib/action_dispatch/middleware/callbacks.rb:27:in `block in call'
activesupport (6.1.4.1) lib/active_support/callbacks.rb:98:in `run_callbacks'
actionpack (6.1.4.1) lib/action_dispatch/middleware/callbacks.rb:26:in `call'
actionpack (6.1.4.1) lib/action_dispatch/middleware/executor.rb:14:in `call'
actionpack (6.1.4.1) lib/action_dispatch/middleware/actionable_exceptions.rb:18:in `call'
actionpack (6.1.4.1) lib/action_dispatch/middleware/debug_exceptions.rb:29:in `call'
web-console (4.1.0) lib/web_console/middleware.rb:132:in `call_app'
web-console (4.1.0) lib/web_console/middleware.rb:28:in `block in call'
web-console (4.1.0) lib/web_console/middleware.rb:17:in `catch'
web-console (4.1.0) lib/web_console/middleware.rb:17:in `call'
actionpack (6.1.4.1) lib/action_dispatch/middleware/show_exceptions.rb:33:in `call'
railties (6.1.4.1) lib/rails/rack/logger.rb:37:in `call_app'
railties (6.1.4.1) lib/rails/rack/logger.rb:26:in `block in call'
activesupport (6.1.4.1) lib/active_support/tagged_logging.rb:99:in `block in tagged'
activesupport (6.1.4.1) lib/active_support/tagged_logging.rb:37:in `tagged'
activesupport (6.1.4.1) lib/active_support/tagged_logging.rb:99:in `tagged'
railties (6.1.4.1) lib/rails/rack/logger.rb:26:in `call'
sprockets-rails (3.2.2) lib/sprockets/rails/quiet_assets.rb:13:in `call'
actionpack (6.1.4.1) lib/action_dispatch/middleware/remote_ip.rb:81:in `call'
actionpack (6.1.4.1) lib/action_dispatch/middleware/request_id.rb:26:in `call'
rack (2.2.3) lib/rack/method_override.rb:24:in `call'
rack (2.2.3) lib/rack/runtime.rb:22:in `call'
activesupport (6.1.4.1) lib/active_support/cache/strategy/local_cache_middleware.rb:29:in `call'
actionpack (6.1.4.1) lib/action_dispatch/middleware/executor.rb:14:in `call'
actionpack (6.1.4.1) lib/action_dispatch/middleware/static.rb:24:in `call'
rack (2.2.3) lib/rack/sendfile.rb:110:in `call'
actionpack (6.1.4.1) lib/action_dispatch/middleware/host_authorization.rb:98:in `call'
rack-mini-profiler (2.3.3) lib/mini_profiler/profiler.rb:393:in `call'
webpacker (5.4.3) lib/webpacker/dev_server_proxy.rb:25:in `perform_request'
rack-proxy (0.7.0) lib/rack/proxy.rb:63:in `call'
railties (6.1.4.1) lib/rails/engine.rb:539:in `call'
puma (5.5.2) lib/puma/configuration.rb:249:in `call'
puma (5.5.2) lib/puma/request.rb:77:in `block in handle_request'
puma (5.5.2) lib/puma/thread_pool.rb:340:in `with_force_shutdown'
puma (5.5.2) lib/puma/request.rb:76:in `handle_request'
puma (5.5.2) lib/puma/server.rb:447:in `process_client'
puma (5.5.2) lib/puma/thread_pool.rb:147:in `block in spawn_thread'
  [1m[35m (0.2ms)[0m  [1m[34mSELECT sqlite_version(*)[0m
  [1m[35m (0.0ms)[0m  [1m[34mSELECT "schema_migrations"."version" FROM "schema_migrations" ORDER BY "schema_migrations"."version" ASC[0m
Migrating to CreateDepartments (20211020103118)
  [1m[36mTRANSACTION (0.0ms)[0m  [1m[36mbegin transaction[0m
  [1m[35m (0.2ms)[0m  [1m[35mCREATE TABLE "departments" ("id" integer PRIMARY KEY AUTOINCREMENT NOT NULL, "name" varchar NOT NULL, "deleted_at" datetime DEFAULT NULL, "created_at" datetime(6) NOT NULL, "updated_at" datetime(6) NOT NULL)[0m
  [1m[36mActiveRecord::SchemaMigration Create (0.1ms)[0m  [1m[32mINSERT INTO "schema_migrations" ("version") VALUES (?)[0m  [["version", "20211020103118"]]
  [1m[36mTRANSACTION (0.4ms)[0m  [1m[36mcommit transaction[0m
Migrating to CreateOffices (20211020103151)
  [1m[36mTRANSACTION (0.0ms)[0m  [1m[36mbegin transaction[0m
  [1m[35m (0.4ms)[0m  [1m[35mCREATE TABLE "offices" ("id" integer PRIMARY KEY AUTOINCREMENT NOT NULL, "name" varchar NOT NULL, "deleted_at" datetime DEFAULT NULL, "created_at" datetime(6) NOT NULL, "updated_at" datetime(6) NOT NULL)[0m
  [1m[36mActiveRecord::SchemaMigration Create (0.1ms)[0m  [1m[32mINSERT INTO "schema_migrations" ("version") VALUES (?)[0m  [["version", "20211020103151"]]
  [1m[36mTRANSACTION (0.4ms)[0m  [1m[36mcommit transaction[0m
Migrating to CreateEmployees (20211020103241)
  [1m[36mTRANSACTION (0.0ms)[0m  [1m[36mbegin transaction[0m
  [1m[35m (0.2ms)[0m  [1m[35mCREATE TABLE "employees" ("id" integer PRIMARY KEY AUTOINCREMENT NOT NULL, "department_id" integer NOT NULL, "office_id" integer NOT NULL, "number" varchar NOT NULL, "last_name" varchar NOT NULL, "first_name" varchar NOT NULL, "account" varchar NOT NULL, "password" varchar NOT NULL, "email" varchar NOT NULL, "date_of_joining" date NOT NULL, "employee_info_manage_auth" boolean DEFAULT 0 NOT NULL, "deleted_at" datetime DEFAULT NULL, "created_at" datetime(6) NOT NULL, "updated_at" datetime(6) NOT NULL)[0m
  [1m[35m (0.1ms)[0m  [1m[35mCREATE INDEX "index_employees_on_department_id" ON "employees" ("department_id")[0m
  [1m[35m (0.0ms)[0m  [1m[35mCREATE INDEX "index_employees_on_office_id" ON "employees" ("office_id")[0m
  [1m[35m (0.0ms)[0m  [1m[35mPRAGMA foreign_keys[0m
  [1m[35m (0.0ms)[0m  [1m[35mPRAGMA defer_foreign_keys[0m
  [1m[35m (0.0ms)[0m  [1m[35mPRAGMA defer_foreign_keys = ON[0m
  [1m[35m (0.0ms)[0m  [1m[35mPRAGMA foreign_keys = OFF[0m
  [1m[35m (0.1ms)[0m  [1m[35mCREATE TEMPORARY TABLE "aemployees" ("id" integer NOT NULL PRIMARY KEY, "department_id" integer NOT NULL, "office_id" integer NOT NULL, "number" varchar NOT NULL, "last_name" varchar NOT NULL, "first_name" varchar NOT NULL, "account" varchar NOT NULL, "password" varchar NOT NULL, "email" varchar NOT NULL, "date_of_joining" date NOT NULL, "employee_info_manage_auth" boolean DEFAULT 0 NOT NULL, "deleted_at" datetime DEFAULT NULL, "created_at" datetime(6) NOT NULL, "updated_at" datetime(6) NOT NULL)[0m
  [1m[35m (0.0ms)[0m  [1m[35mCREATE INDEX "tindex_aemployees_on_office_id" ON "aemployees" ("office_id")[0m
  [1m[35m (0.0ms)[0m  [1m[35mCREATE INDEX "tindex_aemployees_on_department_id" ON "aemployees" ("department_id")[0m
  [1m[35m (0.0ms)[0m  [1m[32mINSERT INTO "aemployees" ("id","department_id","office_id","number","last_name","first_name","account","password","email","date_of_joining","employee_info_manage_auth","deleted_at","created_at","updated_at")
                     SELECT "id","department_id","office_id","number","last_name","first_name","account","password","email","date_of_joining","employee_info_manage_auth","deleted_at","created_at","updated_at" FROM "employees"[0m
  [1m[35m (0.1ms)[0m  [1m[35mDROP TABLE "employees"[0m
  [1m[35m (0.1ms)[0m  [1m[35mCREATE TABLE "employees" ("id" integer NOT NULL PRIMARY KEY, "department_id" integer NOT NULL, "office_id" integer NOT NULL, "number" varchar NOT NULL, "last_name" varchar NOT NULL, "first_name" varchar NOT NULL, "account" varchar NOT NULL, "password" varchar NOT NULL, "email" varchar NOT NULL, "date_of_joining" date NOT NULL, "employee_info_manage_auth" boolean DEFAULT 0 NOT NULL, "deleted_at" datetime DEFAULT NULL, "created_at" datetime(6) NOT NULL, "updated_at" datetime(6) NOT NULL, CONSTRAINT "fk_rails_0025f65a97"
FOREIGN KEY ("department_id")
  REFERENCES "departments" ("id")
)[0m
  [1m[35m (0.0ms)[0m  [1m[35mCREATE INDEX "index_employees_on_department_id" ON "employees" ("department_id")[0m
  [1m[35m (0.0ms)[0m  [1m[35mCREATE INDEX "index_employees_on_office_id" ON "employees" ("office_id")[0m
  [1m[35m (0.0ms)[0m  [1m[32mINSERT INTO "employees" ("id","department_id","office_id","number","last_name","first_name","account","password","email","date_of_joining","employee_info_manage_auth","deleted_at","created_at","updated_at")
                     SELECT "id","department_id","office_id","number","last_name","first_name","account","password","email","date_of_joining","employee_info_manage_auth","deleted_at","created_at","updated_at" FROM "aemployees"[0m
  [1m[35m (0.1ms)[0m  [1m[35mDROP TABLE "aemployees"[0m
  [1m[35m (0.0ms)[0m  [1m[35mPRAGMA defer_foreign_keys = 0[0m
  [1m[35m (0.0ms)[0m  [1m[35mPRAGMA foreign_keys = 1[0m
  [1m[35m (0.0ms)[0m  [1m[35mPRAGMA foreign_keys[0m
  [1m[35m (0.0ms)[0m  [1m[35mPRAGMA defer_foreign_keys[0m
  [1m[35m (0.0ms)[0m  [1m[35mPRAGMA defer_foreign_keys = ON[0m
  [1m[35m (0.0ms)[0m  [1m[35mPRAGMA foreign_keys = OFF[0m
  [1m[35m (0.1ms)[0m  [1m[35mCREATE TEMPORARY TABLE "aemployees" ("id" integer NOT NULL PRIMARY KEY, "department_id" integer NOT NULL, "office_id" integer NOT NULL, "number" varchar NOT NULL, "last_name" varchar NOT NULL, "first_name" varchar NOT NULL, "account" varchar NOT NULL, "password" varchar NOT NULL, "email" varchar NOT NULL, "date_of_joining" date NOT NULL, "employee_info_manage_auth" boolean DEFAULT 0 NOT NULL, "deleted_at" datetime DEFAULT NULL, "created_at" datetime(6) NOT NULL, "updated_at" datetime(6) NOT NULL)[0m
  [1m[35m (0.0ms)[0m  [1m[35mCREATE INDEX "tindex_aemployees_on_office_id" ON "aemployees" ("office_id")[0m
  [1m[35m (0.1ms)[0m  [1m[35mCREATE INDEX "tindex_aemployees_on_department_id" ON "aemployees" ("department_id")[0m
  [1m[35m (0.0ms)[0m  [1m[32mINSERT INTO "aemployees" ("id","department_id","office_id","number","last_name","first_name","account","password","email","date_of_joining","employee_info_manage_auth","deleted_at","created_at","updated_at")
                     SELECT "id","department_id","office_id","number","last_name","first_name","account","password","email","date_of_joining","employee_info_manage_auth","deleted_at","created_at","updated_at" FROM "employees"[0m
  [1m[35m (0.1ms)[0m  [1m[35mDROP TABLE "employees"[0m
  [1m[35m (0.1ms)[0m  [1m[35mCREATE TABLE "employees" ("id" integer NOT NULL PRIMARY KEY, "department_id" integer NOT NULL, "office_id" integer NOT NULL, "number" varchar NOT NULL, "last_name" varchar NOT NULL, "first_name" varchar NOT NULL, "account" varchar NOT NULL, "password" varchar NOT NULL, "email" varchar NOT NULL, "date_of_joining" date NOT NULL, "employee_info_manage_auth" boolean DEFAULT 0 NOT NULL, "deleted_at" datetime DEFAULT NULL, "created_at" datetime(6) NOT NULL, "updated_at" datetime(6) NOT NULL, CONSTRAINT "fk_rails_0025f65a97"
FOREIGN KEY ("department_id")
  REFERENCES "departments" ("id")
, CONSTRAINT "fk_rails_e87ac712d3"
FOREIGN KEY ("office_id")
  REFERENCES "offices" ("id")
)[0m
  [1m[35m (0.0ms)[0m  [1m[35mCREATE INDEX "index_employees_on_department_id" ON "employees" ("department_id")[0m
  [1m[35m (0.0ms)[0m  [1m[35mCREATE INDEX "index_employees_on_office_id" ON "employees" ("office_id")[0m
  [1m[35m (0.0ms)[0m  [1m[32mINSERT INTO "employees" ("id","department_id","office_id","number","last_name","first_name","account","password","email","date_of_joining","employee_info_manage_auth","deleted_at","created_at","updated_at")
                     SELECT "id","department_id","office_id","number","last_name","first_name","account","password","email","date_of_joining","employee_info_manage_auth","deleted_at","created_at","updated_at" FROM "aemployees"[0m
  [1m[35m (0.0ms)[0m  [1m[35mDROP TABLE "aemployees"[0m
  [1m[35m (0.0ms)[0m  [1m[35mPRAGMA defer_foreign_keys = 0[0m
  [1m[35m (0.0ms)[0m  [1m[35mPRAGMA foreign_keys = 1[0m
  [1m[36mActiveRecord::SchemaMigration Create (0.0ms)[0m  [1m[32mINSERT INTO "schema_migrations" ("version") VALUES (?)[0m  [["version", "20211020103241"]]
  [1m[36mTRANSACTION (0.5ms)[0m  [1m[36mcommit transaction[0m
Migrating to CreateProfiles (20211020112406)
  [1m[36mTRANSACTION (0.0ms)[0m  [1m[36mbegin transaction[0m
  [1m[35m (0.1ms)[0m  [1m[35mCREATE TABLE "profiles" ("id" integer PRIMARY KEY AUTOINCREMENT NOT NULL, "employee_id" integer NOT NULL, "profile" text NOT NULL, "deleted_at" datetime DEFAULT NULL, "created_at" datetime(6) NOT NULL, "updated_at" datetime(6) NOT NULL)[0m
  [1m[35m (0.0ms)[0m  [1m[35mCREATE INDEX "index_profiles_on_employee_id" ON "profiles" ("employee_id")[0m
  [1m[35m (0.0ms)[0m  [1m[35mPRAGMA foreign_keys[0m
  [1m[35m (0.0ms)[0m  [1m[35mPRAGMA defer_foreign_keys[0m
  [1m[35m (0.0ms)[0m  [1m[35mPRAGMA defer_foreign_keys = ON[0m
  [1m[35m (0.0ms)[0m  [1m[35mPRAGMA foreign_keys = OFF[0m
  [1m[35m (0.0ms)[0m  [1m[35mCREATE TEMPORARY TABLE "aprofiles" ("id" integer NOT NULL PRIMARY KEY, "employee_id" integer NOT NULL, "profile" text NOT NULL, "deleted_at" datetime DEFAULT NULL, "created_at" datetime(6) NOT NULL, "updated_at" datetime(6) NOT NULL)[0m
  [1m[35m (0.0ms)[0m  [1m[35mCREATE INDEX "tindex_aprofiles_on_employee_id" ON "aprofiles" ("employee_id")[0m
  [1m[35m (0.0ms)[0m  [1m[32mINSERT INTO "aprofiles" ("id","employee_id","profile","deleted_at","created_at","updated_at")
                     SELECT "id","employee_id","profile","deleted_at","created_at","updated_at" FROM "profiles"[0m
  [1m[35m (0.1ms)[0m  [1m[35mDROP TABLE "profiles"[0m
  [1m[35m (0.0ms)[0m  [1m[35mCREATE TABLE "profiles" ("id" integer NOT NULL PRIMARY KEY, "employee_id" integer NOT NULL, "profile" text NOT NULL, "deleted_at" datetime DEFAULT NULL, "created_at" datetime(6) NOT NULL, "updated_at" datetime(6) NOT NULL, CONSTRAINT "fk_rails_3b84e63c66"
FOREIGN KEY ("employee_id")
  REFERENCES "employees" ("id")
)[0m
  [1m[35m (0.0ms)[0m  [1m[35mCREATE INDEX "index_profiles_on_employee_id" ON "profiles" ("employee_id")[0m
  [1m[35m (0.0ms)[0m  [1m[32mINSERT INTO "profiles" ("id","employee_id","profile","deleted_at","created_at","updated_at")
                     SELECT "id","employee_id","profile","deleted_at","created_at","updated_at" FROM "aprofiles"[0m
  [1m[35m (0.0ms)[0m  [1m[35mDROP TABLE "aprofiles"[0m
  [1m[35m (0.0ms)[0m  [1m[35mPRAGMA defer_foreign_keys = 0[0m
  [1m[35m (0.0ms)[0m  [1m[35mPRAGMA foreign_keys = 1[0m
  [1m[36mActiveRecord::SchemaMigration Create (0.1ms)[0m  [1m[32mINSERT INTO "schema_migrations" ("version") VALUES (?)[0m  [["version", "20211020112406"]]
  [1m[36mTRANSACTION (0.4ms)[0m  [1m[36mcommit transaction[0m
  [1m[36mActiveRecord::InternalMetadata Load (0.0ms)[0m  [1m[34mSELECT "ar_internal_metadata".* FROM "ar_internal_metadata" WHERE "ar_internal_metadata"."key" = ? LIMIT ?[0m  [["key", "environment"], ["LIMIT", 1]]
  [1m[36mTRANSACTION (0.0ms)[0m  [1m[36mbegin transaction[0m
  [1m[36mActiveRecord::InternalMetadata Create (0.1ms)[0m  [1m[32mINSERT INTO "ar_internal_metadata" ("key", "value", "created_at", "updated_at") VALUES (?, ?, ?, ?)[0m  [["key", "environment"], ["value", "development"], ["created_at", "2022-10-23 09:02:00.385154"], ["updated_at", "2022-10-23 09:02:00.385154"]]
  [1m[36mTRANSACTION (0.2ms)[0m  [1m[36mcommit transaction[0m
  [1m[35m (0.0ms)[0m  [1m[34mSELECT sqlite_version(*)[0m
  [1m[35m (0.0ms)[0m  [1m[34mSELECT "schema_migrations"."version" FROM "schema_migrations" ORDER BY "schema_migrations"."version" ASC[0m
Started GET "/" for ::1 at 2022-10-23 18:02:11 +0900
  [1m[35m (0.2ms)[0m  [1m[34mSELECT sqlite_version(*)[0m
  [1m[35m (0.0ms)[0m  [1m[34mSELECT "schema_migrations"."version" FROM "schema_migrations" ORDER BY "schema_migrations"."version" ASC[0m
Processing by EmployeesController#index as HTML
  [1m[36mEmployee Load (0.1ms)[0m  [1m[34mSELECT "employees".* FROM "employees" WHERE "employees"."id" IS NULL LIMIT ?[0m  [["LIMIT", 1]]
  â†³ app/helpers/sessions_helper.rb:7:in `current_user'
Redirected to http://localhost:3000/login
Filter chain halted as :user_logged_in? rendered or redirected
Completed 302 Found in 37ms (ActiveRecord: 0.3ms | Allocations: 10703)


Started GET "/login" for ::1 at 2022-10-23 18:02:11 +0900
Processing by SessionsController#new as HTML
  [1m[36mEmployee Load (0.0ms)[0m  [1m[34mSELECT "employees".* FROM "employees" WHERE "employees"."id" IS NULL LIMIT ?[0m  [["LIMIT", 1]]
  â†³ app/helpers/sessions_helper.rb:7:in `current_user'
  Rendering layout layouts/application.html.erb
  Rendering sessions/new.html.erb within layouts/application
  Rendered sessions/new.html.erb within layouts/application (Duration: 286.4ms | Allocations: 5552)
[Webpacker] Compiling...
[Webpacker] Compilation failed:
yarn run v1.22.19
info Visit https://yarnpkg.com/en/docs/cli/run for documentation about this command.


error Command "webpack" not found.

  Rendered layout layouts/application.html.erb (Duration: 903.6ms | Allocations: 31230)
Completed 500 Internal Server Error in 907ms (ActiveRecord: 0.0ms | Allocations: 36966)


  
ActionView::Template::Error (Webpacker can't find application.js in /Users/satoshunsuke/workspace/RubyDevinc/engineer-skill-check/public/packs/manifest.json. Possible causes:
1. You want to set webpacker.yml value of compile to true for your environment
   unless you are using the `webpack -w` or the webpack-dev-server.
2. webpack has not yet re-run to reflect updates.
3. You have misconfigured Webpacker's config/webpacker.yml file.
4. Your webpack configuration is not creating a manifest.
Your manifest contains:
{
}
):
     7:     <%= csp_meta_tag %>
     8: 
     9:     <%= stylesheet_link_tag 'application', media: 'all' %>
    10:     <%= javascript_pack_tag 'application' %>
    11:   </head>
    12:   <body>
    13:     <% if logged_in? %>
  
app/views/layouts/application.html.erb:10
Started GET "/" for ::1 at 2022-10-23 18:02:19 +0900
Processing by EmployeesController#index as HTML
  [1m[36mEmployee Load (0.2ms)[0m  [1m[34mSELECT "employees".* FROM "employees" WHERE "employees"."id" IS NULL LIMIT ?[0m  [["LIMIT", 1]]
  â†³ app/helpers/sessions_helper.rb:7:in `current_user'
Redirected to http://localhost:3000/login
Filter chain halted as :user_logged_in? rendered or redirected
Completed 302 Found in 6ms (ActiveRecord: 0.2ms | Allocations: 3796)


Started GET "/login" for ::1 at 2022-10-23 18:02:19 +0900
Processing by SessionsController#new as HTML
  [1m[36mEmployee Load (0.2ms)[0m  [1m[34mSELECT "employees".* FROM "employees" WHERE "employees"."id" IS NULL LIMIT ?[0m  [["LIMIT", 1]]
  â†³ app/helpers/sessions_helper.rb:7:in `current_user'
  Rendering layout layouts/application.html.erb
  Rendering sessions/new.html.erb within layouts/application
  Rendered sessions/new.html.erb within layouts/application (Duration: 1.6ms | Allocations: 533)
[Webpacker] Compiling...
[Webpacker] Compilation failed:
yarn run v1.22.19
info Visit https://yarnpkg.com/en/docs/cli/run for documentation about this command.


error Command "webpack" not found.

  Rendered layout layouts/application.html.erb (Duration: 410.5ms | Allocations: 5903)
Completed 500 Internal Server Error in 416ms (ActiveRecord: 0.2ms | Allocations: 9578)


  
ActionView::Template::Error (Webpacker can't find application.js in /Users/satoshunsuke/workspace/RubyDevinc/engineer-skill-check/public/packs/manifest.json. Possible causes:
1. You want to set webpacker.yml value of compile to true for your environment
   unless you are using the `webpack -w` or the webpack-dev-server.
2. webpack has not yet re-run to reflect updates.
3. You have misconfigured Webpacker's config/webpacker.yml file.
4. Your webpack configuration is not creating a manifest.
Your manifest contains:
{
}
):
     7:     <%= csp_meta_tag %>
     8: 
     9:     <%= stylesheet_link_tag 'application', media: 'all' %>
    10:     <%= javascript_pack_tag 'application' %>
    11:   </head>
    12:   <body>
    13:     <% if logged_in? %>
  
app/views/layouts/application.html.erb:10
Started GET "/login" for ::1 at 2022-10-23 18:06:49 +0900
  [1m[35m (0.4ms)[0m  [1m[34mSELECT sqlite_version(*)[0m
  [1m[35m (0.0ms)[0m  [1m[34mSELECT "schema_migrations"."version" FROM "schema_migrations" ORDER BY "schema_migrations"."version" ASC[0m
Processing by SessionsController#new as HTML
  [1m[36mEmployee Load (0.1ms)[0m  [1m[34mSELECT "employees".* FROM "employees" WHERE "employees"."id" IS NULL LIMIT ?[0m  [["LIMIT", 1]]
  â†³ app/helpers/sessions_helper.rb:7:in `current_user'
  Rendering layout layouts/application.html.erb
  Rendering sessions/new.html.erb within layouts/application
  Rendered sessions/new.html.erb within layouts/application (Duration: 18.1ms | Allocations: 3511)
[Webpacker] Compiling...
[Webpacker] Compiled all packs in /Users/satoshunsuke/workspace/RubyDevinc/engineer-skill-check/public/packs
[Webpacker] Browserslist: caniuse-lite is outdated. Please run:
  npx browserslist@latest --update-db
  Why you should do it regularly: https://github.com/browserslist/browserslist#browsers-data-updating

[Webpacker] Hash: 08df6d9ec973e2370911
Version: webpack 4.46.0
Time: 951ms
Built at: 2022/10/23 18:06:51
                                     Asset       Size       Chunks                         Chunk Names
    js/application-08129b49f138571cc522.js    382 KiB  application  [emitted] [immutable]  application
js/application-08129b49f138571cc522.js.map    447 KiB  application  [emitted] [dev]        application
         js/header-c2f2e7e1ed03c0583649.js   4.27 KiB       header  [emitted] [immutable]  header
     js/header-c2f2e7e1ed03c0583649.js.map   4.04 KiB       header  [emitted] [dev]        header
                             manifest.json  668 bytes               [emitted]              
Entrypoint application = js/application-08129b49f138571cc522.js js/application-08129b49f138571cc522.js.map
Entrypoint header = js/header-c2f2e7e1ed03c0583649.js js/header-c2f2e7e1ed03c0583649.js.map
[./app/javascript/channels sync recursive _channel\.js$] ./app/javascript/channels sync _channel\.js$ 160 bytes {application} [built]
[./app/javascript/channels/index.js] 211 bytes {application} [built]
[./app/javascript/packs/application.js] 452 bytes {application} [built]
[./app/javascript/packs/header.js] 411 bytes {header} [built]
[./node_modules/webpack/buildin/module.js] (webpack)/buildin/module.js 552 bytes {application} [built]
    + 3 hidden modules

  [1m[36mCACHE Employee Load (0.0ms)[0m  [1m[34mSELECT "employees".* FROM "employees" WHERE "employees"."id" IS NULL LIMIT ?[0m  [["LIMIT", 1]]
  â†³ app/helpers/sessions_helper.rb:7:in `current_user'
  Rendered layout layouts/application.html.erb (Duration: 1775.9ms | Allocations: 12865)
Completed 200 OK in 1802ms (Views: 1787.3ms | ActiveRecord: 0.3ms | Allocations: 24982)


Started POST "/login" for ::1 at 2022-10-23 18:06:52 +0900
Processing by SessionsController#create as HTML
  Parameters: {"authenticity_token"=>"[FILTERED]", "employees"=>{"account"=>"a@a.com", "password"=>"[FILTERED]"}, "commit"=>"ãƒ­ã‚°ã‚¤ãƒ³"}
  [1m[36mEmployee Load (0.8ms)[0m  [1m[34mSELECT "employees".* FROM "employees" WHERE "employees"."account" = ? AND "employees"."password" = ? LIMIT ?[0m  [["account", "a@a.com"], ["password", "aaaaaa"], ["LIMIT", 1]]
  â†³ app/controllers/sessions_controller.rb:10:in `create'
  Rendering layout layouts/application.html.erb
  Rendering sessions/new.html.erb within layouts/application
  Rendered sessions/new.html.erb within layouts/application (Duration: 1.8ms | Allocations: 505)
[Webpacker] Everything's up-to-date. Nothing to do
  [1m[36mEmployee Load (0.2ms)[0m  [1m[34mSELECT "employees".* FROM "employees" WHERE "employees"."id" IS NULL LIMIT ?[0m  [["LIMIT", 1]]
  â†³ app/helpers/sessions_helper.rb:7:in `current_user'
  Rendered layout layouts/application.html.erb (Duration: 13.2ms | Allocations: 4938)
Completed 200 OK in 20ms (Views: 14.2ms | ActiveRecord: 1.0ms | Allocations: 6681)


Started POST "/login" for ::1 at 2022-10-23 18:07:22 +0900
Processing by SessionsController#create as HTML
  Parameters: {"authenticity_token"=>"[FILTERED]", "employees"=>{"account"=>"yamada", "password"=>"[FILTERED]"}, "commit"=>"ãƒ­ã‚°ã‚¤ãƒ³"}
  [1m[36mEmployee Load (0.2ms)[0m  [1m[34mSELECT "employees".* FROM "employees" WHERE "employees"."account" = ? AND "employees"."password" = ? LIMIT ?[0m  [["account", "yamada"], ["password", "hogehoge"], ["LIMIT", 1]]
  â†³ app/controllers/sessions_controller.rb:10:in `create'
  Rendering layout layouts/application.html.erb
  Rendering sessions/new.html.erb within layouts/application
  Rendered sessions/new.html.erb within layouts/application (Duration: 1.1ms | Allocations: 439)
[Webpacker] Everything's up-to-date. Nothing to do
  [1m[36mEmployee Load (0.1ms)[0m  [1m[34mSELECT "employees".* FROM "employees" WHERE "employees"."id" IS NULL LIMIT ?[0m  [["LIMIT", 1]]
  â†³ app/helpers/sessions_helper.rb:7:in `current_user'
  Rendered layout layouts/application.html.erb (Duration: 14.4ms | Allocations: 4743)
Completed 200 OK in 18ms (Views: 15.0ms | ActiveRecord: 0.3ms | Allocations: 5868)


Started POST "/login" for ::1 at 2022-10-23 18:07:52 +0900
Processing by SessionsController#create as HTML
  Parameters: {"authenticity_token"=>"[FILTERED]", "employees"=>{"account"=>"yamada", "password"=>"[FILTERED]"}, "commit"=>"ãƒ­ã‚°ã‚¤ãƒ³"}
  [1m[36mEmployee Load (0.1ms)[0m  [1m[34mSELECT "employees".* FROM "employees" WHERE "employees"."account" = ? AND "employees"."password" = ? LIMIT ?[0m  [["account", "yamada"], ["password", "hogehoge"], ["LIMIT", 1]]
  â†³ app/controllers/sessions_controller.rb:10:in `create'
  Rendering layout layouts/application.html.erb
  Rendering sessions/new.html.erb within layouts/application
  Rendered sessions/new.html.erb within layouts/application (Duration: 1.3ms | Allocations: 439)
[Webpacker] Everything's up-to-date. Nothing to do
  [1m[36mEmployee Load (0.2ms)[0m  [1m[34mSELECT "employees".* FROM "employees" WHERE "employees"."id" IS NULL LIMIT ?[0m  [["LIMIT", 1]]
  â†³ app/helpers/sessions_helper.rb:7:in `current_user'
  Rendered layout layouts/application.html.erb (Duration: 15.9ms | Allocations: 4740)
Completed 200 OK in 20ms (Views: 16.6ms | ActiveRecord: 0.3ms | Allocations: 5848)


Started POST "/login" for ::1 at 2022-10-23 18:08:12 +0900
Processing by SessionsController#create as HTML
  Parameters: {"authenticity_token"=>"[FILTERED]", "employees"=>{"account"=>"yamada@example.co.jp", "password"=>"[FILTERED]"}, "commit"=>"ãƒ­ã‚°ã‚¤ãƒ³"}
  [1m[36mEmployee Load (0.3ms)[0m  [1m[34mSELECT "employees".* FROM "employees" WHERE "employees"."account" = ? AND "employees"."password" = ? LIMIT ?[0m  [["account", "yamada@example.co.jp"], ["password", "hogehoge"], ["LIMIT", 1]]
  â†³ app/controllers/sessions_controller.rb:10:in `create'
  Rendering layout layouts/application.html.erb
  Rendering sessions/new.html.erb within layouts/application
  Rendered sessions/new.html.erb within layouts/application (Duration: 1.1ms | Allocations: 439)
[Webpacker] Everything's up-to-date. Nothing to do
  [1m[36mEmployee Load (0.2ms)[0m  [1m[34mSELECT "employees".* FROM "employees" WHERE "employees"."id" IS NULL LIMIT ?[0m  [["LIMIT", 1]]
  â†³ app/helpers/sessions_helper.rb:7:in `current_user'
  Rendered layout layouts/application.html.erb (Duration: 16.6ms | Allocations: 4743)
Completed 200 OK in 22ms (Views: 17.4ms | ActiveRecord: 0.5ms | Allocations: 5869)


  [1m[35m (0.2ms)[0m  [1m[34mSELECT sqlite_version(*)[0m
  [1m[35m (0.0ms)[0m  [1m[34mSELECT "schema_migrations"."version" FROM "schema_migrations" ORDER BY "schema_migrations"."version" ASC[0m
  [1m[35m (0.0ms)[0m  [1m[34mSELECT sqlite_version(*)[0m
  [1m[36mDepartment Load (0.2ms)[0m  [1m[34mSELECT "departments".* FROM "departments" WHERE "departments"."id" = ? AND "departments"."name" = ? LIMIT ?[0m  [["id", 1], ["name", "ç·å‹™éƒ¨"], ["LIMIT", 1]]
  [1m[36mTRANSACTION (0.0ms)[0m  [1m[36mbegin transaction[0m
  [1m[36mDepartment Create (0.2ms)[0m  [1m[32mINSERT INTO "departments" ("id", "name", "created_at", "updated_at") VALUES (?, ?, ?, ?)[0m  [["id", 1], ["name", "ç·å‹™éƒ¨"], ["created_at", "2022-10-23 09:09:23.074483"], ["updated_at", "2022-10-23 09:09:23.074483"]]
  [1m[36mTRANSACTION (0.3ms)[0m  [1m[36mcommit transaction[0m
  [1m[36mDepartment Load (0.0ms)[0m  [1m[34mSELECT "departments".* FROM "departments" WHERE "departments"."id" = ? AND "departments"."name" = ? LIMIT ?[0m  [["id", 2], ["name", "æŠ€è¡“éƒ¨"], ["LIMIT", 1]]
  [1m[36mTRANSACTION (0.0ms)[0m  [1m[36mbegin transaction[0m
  [1m[36mDepartment Create (0.1ms)[0m  [1m[32mINSERT INTO "departments" ("id", "name", "created_at", "updated_at") VALUES (?, ?, ?, ?)[0m  [["id", 2], ["name", "æŠ€è¡“éƒ¨"], ["created_at", "2022-10-23 09:09:23.076715"], ["updated_at", "2022-10-23 09:09:23.076715"]]
  [1m[36mTRANSACTION (0.2ms)[0m  [1m[36mcommit transaction[0m
  [1m[36mDepartment Load (0.0ms)[0m  [1m[34mSELECT "departments".* FROM "departments" WHERE "departments"."id" = ? AND "departments"."name" = ? LIMIT ?[0m  [["id", 3], ["name", "å–¶æ¥­éƒ¨"], ["LIMIT", 1]]
  [1m[36mTRANSACTION (0.0ms)[0m  [1m[36mbegin transaction[0m
  [1m[36mDepartment Create (0.1ms)[0m  [1m[32mINSERT INTO "departments" ("id", "name", "created_at", "updated_at") VALUES (?, ?, ?, ?)[0m  [["id", 3], ["name", "å–¶æ¥­éƒ¨"], ["created_at", "2022-10-23 09:09:23.078639"], ["updated_at", "2022-10-23 09:09:23.078639"]]
  [1m[36mTRANSACTION (0.2ms)[0m  [1m[36mcommit transaction[0m
  [1m[36mOffice Load (0.0ms)[0m  [1m[34mSELECT "offices".* FROM "offices" WHERE "offices"."id" = ? AND "offices"."name" = ? LIMIT ?[0m  [["id", 1], ["name", "æ±äº¬"], ["LIMIT", 1]]
  [1m[36mTRANSACTION (0.0ms)[0m  [1m[36mbegin transaction[0m
  [1m[36mOffice Create (0.1ms)[0m  [1m[32mINSERT INTO "offices" ("id", "name", "created_at", "updated_at") VALUES (?, ?, ?, ?)[0m  [["id", 1], ["name", "æ±äº¬"], ["created_at", "2022-10-23 09:09:23.083035"], ["updated_at", "2022-10-23 09:09:23.083035"]]
  [1m[36mTRANSACTION (0.2ms)[0m  [1m[36mcommit transaction[0m
  [1m[36mOffice Load (0.0ms)[0m  [1m[34mSELECT "offices".* FROM "offices" WHERE "offices"."id" = ? AND "offices"."name" = ? LIMIT ?[0m  [["id", 2], ["name", "ä»™å°"], ["LIMIT", 1]]
  [1m[36mTRANSACTION (0.0ms)[0m  [1m[36mbegin transaction[0m
  [1m[36mOffice Create (0.1ms)[0m  [1m[32mINSERT INTO "offices" ("id", "name", "created_at", "updated_at") VALUES (?, ?, ?, ?)[0m  [["id", 2], ["name", "ä»™å°"], ["created_at", "2022-10-23 09:09:23.085055"], ["updated_at", "2022-10-23 09:09:23.085055"]]
  [1m[36mTRANSACTION (0.2ms)[0m  [1m[36mcommit transaction[0m
  [1m[36mOffice Load (0.0ms)[0m  [1m[34mSELECT "offices".* FROM "offices" WHERE "offices"."id" = ? AND "offices"."name" = ? LIMIT ?[0m  [["id", 3], ["name", "å¤§é˜ª"], ["LIMIT", 1]]
  [1m[36mTRANSACTION (0.0ms)[0m  [1m[36mbegin transaction[0m
  [1m[36mOffice Create (0.1ms)[0m  [1m[32mINSERT INTO "offices" ("id", "name", "created_at", "updated_at") VALUES (?, ?, ?, ?)[0m  [["id", 3], ["name", "å¤§é˜ª"], ["created_at", "2022-10-23 09:09:23.086927"], ["updated_at", "2022-10-23 09:09:23.086927"]]
  [1m[36mTRANSACTION (0.2ms)[0m  [1m[36mcommit transaction[0m
  [1m[36mOffice Load (0.0ms)[0m  [1m[34mSELECT "offices".* FROM "offices" WHERE "offices"."id" = ? AND "offices"."name" = ? LIMIT ?[0m  [["id", 4], ["name", "ç¦å²¡"], ["LIMIT", 1]]
  [1m[36mTRANSACTION (0.0ms)[0m  [1m[36mbegin transaction[0m
  [1m[36mOffice Create (0.1ms)[0m  [1m[32mINSERT INTO "offices" ("id", "name", "created_at", "updated_at") VALUES (?, ?, ?, ?)[0m  [["id", 4], ["name", "ç¦å²¡"], ["created_at", "2022-10-23 09:09:23.088842"], ["updated_at", "2022-10-23 09:09:23.088842"]]
  [1m[36mTRANSACTION (0.2ms)[0m  [1m[36mcommit transaction[0m
  [1m[36mOffice Load (0.0ms)[0m  [1m[34mSELECT "offices".* FROM "offices" WHERE "offices"."id" = ? AND "offices"."name" = ? LIMIT ?[0m  [["id", 5], ["name", "å¤§åˆ†"], ["LIMIT", 1]]
  [1m[36mTRANSACTION (0.0ms)[0m  [1m[36mbegin transaction[0m
  [1m[36mOffice Create (0.1ms)[0m  [1m[32mINSERT INTO "offices" ("id", "name", "created_at", "updated_at") VALUES (?, ?, ?, ?)[0m  [["id", 5], ["name", "å¤§åˆ†"], ["created_at", "2022-10-23 09:09:23.090594"], ["updated_at", "2022-10-23 09:09:23.090594"]]
  [1m[36mTRANSACTION (0.2ms)[0m  [1m[36mcommit transaction[0m
  [1m[36mDepartment Load (0.0ms)[0m  [1m[34mSELECT "departments".* FROM "departments" WHERE "departments"."name" = ? LIMIT ?[0m  [["name", "ç·å‹™éƒ¨"], ["LIMIT", 1]]
  [1m[36mOffice Load (0.0ms)[0m  [1m[34mSELECT "offices".* FROM "offices" WHERE "offices"."name" = ? LIMIT ?[0m  [["name", "æ±äº¬"], ["LIMIT", 1]]
  [1m[36mEmployee Load (0.3ms)[0m  [1m[34mSELECT "employees".* FROM "employees" WHERE "employees"."id" = ? AND "employees"."department_id" = ? AND "employees"."office_id" = ? AND "employees"."number" = ? AND "employees"."last_name" = ? AND "employees"."first_name" = ? AND "employees"."account" = ? AND "employees"."password" = ? AND "employees"."email" = ? AND "employees"."date_of_joining" = ? AND "employees"."employee_info_manage_auth" = ? LIMIT ?[0m  [["id", 1], ["department_id", 1], ["office_id", 1], ["number", "1"], ["last_name", "å±±ç”°"], ["first_name", "å¤ªéƒŽ"], ["account", "yamada"], ["password", "hogehoge"], ["email", "yamada@example.co.jp"], ["date_of_joining", "1991-04-01"], ["employee_info_manage_auth", 1], ["LIMIT", 1]]
  [1m[36mTRANSACTION (0.0ms)[0m  [1m[36mbegin transaction[0m
  [1m[36mOffice Load (0.1ms)[0m  [1m[34mSELECT "offices".* FROM "offices" WHERE "offices"."id" = ? LIMIT ?[0m  [["id", 1], ["LIMIT", 1]]
  [1m[36mDepartment Load (0.0ms)[0m  [1m[34mSELECT "departments".* FROM "departments" WHERE "departments"."id" = ? LIMIT ?[0m  [["id", 1], ["LIMIT", 1]]
  [1m[36mEmployee Exists? (0.0ms)[0m  [1m[34mSELECT 1 AS one FROM "employees" WHERE "employees"."number" = ? LIMIT ?[0m  [["number", "1"], ["LIMIT", 1]]
  [1m[36mEmployee Exists? (0.0ms)[0m  [1m[34mSELECT 1 AS one FROM "employees" WHERE "employees"."account" = ? LIMIT ?[0m  [["account", "yamada"], ["LIMIT", 1]]
  [1m[36mEmployee Create (0.2ms)[0m  [1m[32mINSERT INTO "employees" ("id", "department_id", "office_id", "number", "last_name", "first_name", "account", "password", "email", "date_of_joining", "employee_info_manage_auth", "created_at", "updated_at") VALUES (?, ?, ?, ?, ?, ?, ?, ?, ?, ?, ?, ?, ?)[0m  [["id", 1], ["department_id", 1], ["office_id", 1], ["number", "1"], ["last_name", "å±±ç”°"], ["first_name", "å¤ªéƒŽ"], ["account", "yamada"], ["password", "hogehoge"], ["email", "yamada@example.co.jp"], ["date_of_joining", "1991-04-01"], ["employee_info_manage_auth", 1], ["created_at", "2022-10-23 09:09:23.114148"], ["updated_at", "2022-10-23 09:09:23.114148"]]
  [1m[36mTRANSACTION (0.3ms)[0m  [1m[36mcommit transaction[0m
Started POST "/login" for ::1 at 2022-10-23 18:10:51 +0900
  [1m[35m (0.2ms)[0m  [1m[34mSELECT sqlite_version(*)[0m
  [1m[35m (0.0ms)[0m  [1m[34mSELECT "schema_migrations"."version" FROM "schema_migrations" ORDER BY "schema_migrations"."version" ASC[0m
Processing by SessionsController#create as HTML
  Parameters: {"authenticity_token"=>"[FILTERED]", "employees"=>{"account"=>"yamada", "password"=>"[FILTERED]"}, "commit"=>"ãƒ­ã‚°ã‚¤ãƒ³"}
  [1m[36mEmployee Load (0.2ms)[0m  [1m[34mSELECT "employees".* FROM "employees" WHERE "employees"."account" = ? AND "employees"."password" = ? LIMIT ?[0m  [["account", "yamada"], ["password", "hogehoge"], ["LIMIT", 1]]
  â†³ app/controllers/sessions_controller.rb:10:in `create'
Redirected to http://localhost:3000/
Completed 302 Found in 30ms (ActiveRecord: 0.6ms | Allocations: 13224)


Started GET "/" for ::1 at 2022-10-23 18:10:51 +0900
Processing by EmployeesController#index as HTML
  [1m[36mEmployee Load (0.1ms)[0m  [1m[34mSELECT "employees".* FROM "employees" WHERE "employees"."id" = ? LIMIT ?[0m  [["id", 1], ["LIMIT", 1]]
  â†³ app/helpers/sessions_helper.rb:7:in `current_user'
  Rendering layout layouts/application.html.erb
  Rendering employees/index.html.erb within layouts/application
  [1m[36mEmployee Load (0.1ms)[0m  [1m[34mSELECT "employees".* FROM "employees" WHERE "employees"."deleted_at" IS NULL ORDER BY number asc[0m
  â†³ app/views/employees/index.html.erb:19
  [1m[36mProfile Load (0.2ms)[0m  [1m[34mSELECT "profiles".* FROM "profiles" WHERE "profiles"."employee_id" = ? AND "profiles"."deleted_at" IS NULL[0m  [["employee_id", 1]]
  â†³ app/views/employees/index.html.erb:21
  [1m[36mDepartment Load (0.2ms)[0m  [1m[34mSELECT "departments".* FROM "departments" WHERE "departments"."id" = ? LIMIT ?[0m  [["id", 1], ["LIMIT", 1]]
  â†³ app/views/employees/index.html.erb:31
  Rendered employees/index.html.erb within layouts/application (Duration: 17.7ms | Allocations: 14517)
[Webpacker] Everything's up-to-date. Nothing to do
[Webpacker] Everything's up-to-date. Nothing to do
  Rendered layouts/_header.html.erb (Duration: 2.1ms | Allocations: 2394)
  Rendered layout layouts/application.html.erb (Duration: 28.2ms | Allocations: 24409)
Completed 200 OK in 32ms (Views: 28.8ms | ActiveRecord: 0.9ms | Allocations: 28594)


Started GET "/employees/new" for ::1 at 2022-10-23 18:11:06 +0900
Processing by EmployeesController#new as HTML
  [1m[36mEmployee Load (0.2ms)[0m  [1m[34mSELECT "employees".* FROM "employees" WHERE "employees"."id" = ? LIMIT ?[0m  [["id", 1], ["LIMIT", 1]]
  â†³ app/helpers/sessions_helper.rb:7:in `current_user'
  Rendering layout layouts/application.html.erb
  Rendering employees/new.html.erb within layouts/application
  [1m[36mDepartment Load (0.2ms)[0m  [1m[34mSELECT "departments".* FROM "departments"[0m
  â†³ app/views/employees/_form.html.erb:36
  [1m[36mOffice Load (0.2ms)[0m  [1m[34mSELECT "offices".* FROM "offices"[0m
  â†³ app/views/employees/_form.html.erb:41
  Rendered employees/_form.html.erb (Duration: 27.6ms | Allocations: 9377)
  Rendered employees/new.html.erb within layouts/application (Duration: 29.0ms | Allocations: 9731)
[Webpacker] Everything's up-to-date. Nothing to do
[Webpacker] Everything's up-to-date. Nothing to do
  Rendered layouts/_header.html.erb (Duration: 3.4ms | Allocations: 2192)
  Rendered layout layouts/application.html.erb (Duration: 38.2ms | Allocations: 15713)
Completed 200 OK in 45ms (Views: 38.0ms | ActiveRecord: 1.0ms | Allocations: 18000)


Started GET "/employees/new" for ::1 at 2022-10-23 18:15:53 +0900
Processing by EmployeesController#new as HTML
  [1m[36mEmployee Load (0.2ms)[0m  [1m[34mSELECT "employees".* FROM "employees" WHERE "employees"."id" = ? LIMIT ?[0m  [["id", 1], ["LIMIT", 1]]
  â†³ app/helpers/sessions_helper.rb:7:in `current_user'
  Rendering layout layouts/application.html.erb
  Rendering employees/new.html.erb within layouts/application
  [1m[36mDepartment Load (0.2ms)[0m  [1m[34mSELECT "departments".* FROM "departments"[0m
  â†³ app/views/employees/_form.html.erb:41
  [1m[36mOffice Load (0.1ms)[0m  [1m[34mSELECT "offices".* FROM "offices"[0m
  â†³ app/views/employees/_form.html.erb:46
  Rendered employees/_form.html.erb (Duration: 10.8ms | Allocations: 4286)
  Rendered employees/new.html.erb within layouts/application (Duration: 12.1ms | Allocations: 4624)
[Webpacker] Everything's up-to-date. Nothing to do
[Webpacker] Everything's up-to-date. Nothing to do
  Rendered layouts/_header.html.erb (Duration: 3.8ms | Allocations: 2389)
  Rendered layout layouts/application.html.erb (Duration: 23.7ms | Allocations: 11191)
Completed 200 OK in 30ms (Views: 26.0ms | ActiveRecord: 0.6ms | Allocations: 13231)


Started GET "/employees/new" for ::1 at 2022-10-23 18:20:54 +0900
Processing by EmployeesController#new as HTML
  [1m[36mEmployee Load (0.1ms)[0m  [1m[34mSELECT "employees".* FROM "employees" WHERE "employees"."id" = ? LIMIT ?[0m  [["id", 1], ["LIMIT", 1]]
  â†³ app/helpers/sessions_helper.rb:7:in `current_user'
  Rendering layout layouts/application.html.erb
  Rendering employees/new.html.erb within layouts/application
  [1m[36mDepartment Load (0.2ms)[0m  [1m[34mSELECT "departments".* FROM "departments"[0m
  â†³ app/views/employees/_form.html.erb:41
  [1m[36mOffice Load (0.2ms)[0m  [1m[34mSELECT "offices".* FROM "offices"[0m
  â†³ app/views/employees/_form.html.erb:46
  Rendered employees/_form.html.erb (Duration: 12.5ms | Allocations: 4252)
  Rendered employees/new.html.erb within layouts/application (Duration: 14.0ms | Allocations: 4590)
[Webpacker] Everything's up-to-date. Nothing to do
[Webpacker] Everything's up-to-date. Nothing to do
  Rendered layouts/_header.html.erb (Duration: 4.8ms | Allocations: 2389)
  Rendered layout layouts/application.html.erb (Duration: 28.3ms | Allocations: 11157)
Completed 200 OK in 34ms (Views: 29.7ms | ActiveRecord: 0.6ms | Allocations: 13110)


Started GET "/employees/new" for ::1 at 2022-10-23 18:23:01 +0900
Processing by EmployeesController#new as HTML
  [1m[36mEmployee Load (0.2ms)[0m  [1m[34mSELECT "employees".* FROM "employees" WHERE "employees"."id" = ? LIMIT ?[0m  [["id", 1], ["LIMIT", 1]]
  â†³ app/helpers/sessions_helper.rb:7:in `current_user'
  Rendering layout layouts/application.html.erb
  Rendering employees/new.html.erb within layouts/application
  Rendered employees/_form.html.erb (Duration: 20.9ms | Allocations: 7344)
  Rendered employees/new.html.erb within layouts/application (Duration: 22.7ms | Allocations: 7702)
  Rendered layout layouts/application.html.erb (Duration: 22.9ms | Allocations: 7777)
Completed 500 Internal Server Error in 30ms (ActiveRecord: 0.2ms | Allocations: 9712)


  
ActionView::Template::Error (undefined method `map' for "translation missing: ja.date.order":String
Did you mean?  tap):
    38: 
    39:     <div class="form_group">
    40:       <%= f.label :date_of_joining %>
    41:       <%= f.date_select :date_of_joining %>
    42:     </div>
    43: 
    44:     <div class="form_group">
  
app/views/employees/_form.html.erb:41
app/views/employees/_form.html.erb:10
app/views/employees/new.html.erb:1
